[2025-04-01T19:16:33.844+0000] {local_task_job_runner.py:123} INFO - ::group::Pre task execution logs
[2025-04-01T19:16:33.898+0000] {taskinstance.py:2614} INFO - Dependencies all met for dep_context=non-requeueable deps ti=<TaskInstance: first_dag.task1 manual__2025-04-01T19:16:24.123398+00:00 [queued]>
[2025-04-01T19:16:33.917+0000] {taskinstance.py:2614} INFO - Dependencies all met for dep_context=requeueable deps ti=<TaskInstance: first_dag.task1 manual__2025-04-01T19:16:24.123398+00:00 [queued]>
[2025-04-01T19:16:33.918+0000] {taskinstance.py:2867} INFO - Starting attempt 1 of 6
[2025-04-01T19:16:33.949+0000] {taskinstance.py:2890} INFO - Executing <Task(BashOperator): task1> on 2025-04-01 19:16:24.123398+00:00
[2025-04-01T19:16:33.975+0000] {logging_mixin.py:190} WARNING - /home/***/.local/lib/python3.12/site-packages/***/task/task_runner/standard_task_runner.py:70 DeprecationWarning: This process (pid=5907) is multi-threaded, use of fork() may lead to deadlocks in the child.
[2025-04-01T19:16:33.968+0000] {standard_task_runner.py:104} INFO - Running: ['***', 'tasks', 'run', 'first_dag', 'task1', 'manual__2025-04-01T19:16:24.123398+00:00', '--job-id', '20', '--raw', '--subdir', 'DAGS_FOLDER/first_dag.py', '--cfg-path', '/tmp/tmpt4xq0ww9']
[2025-04-01T19:16:33.976+0000] {standard_task_runner.py:105} INFO - Job 20: Subtask task1
[2025-04-01T19:16:33.979+0000] {standard_task_runner.py:72} INFO - Started process 5908 to run task
[2025-04-01T19:16:39.670+0000] {task_command.py:467} INFO - Running <TaskInstance: first_dag.task1 manual__2025-04-01T19:16:24.123398+00:00 [running]> on host 7d980c7fabe2
[2025-04-01T19:16:40.024+0000] {taskinstance.py:3134} INFO - Exporting env vars: AIRFLOW_CTX_DAG_OWNER='grypton' AIRFLOW_CTX_DAG_ID='first_dag' AIRFLOW_CTX_TASK_ID='task1' AIRFLOW_CTX_EXECUTION_DATE='2025-04-01T19:16:24.123398+00:00' AIRFLOW_CTX_TRY_NUMBER='1' AIRFLOW_CTX_DAG_RUN_ID='manual__2025-04-01T19:16:24.123398+00:00'
[2025-04-01T19:16:40.031+0000] {taskinstance.py:732} INFO - ::endgroup::
[2025-04-01T19:16:40.063+0000] {subprocess.py:78} INFO - Tmp dir root location: /tmp
[2025-04-01T19:16:40.066+0000] {subprocess.py:88} INFO - Running command: ['/usr/bin/bash', '-c', "echo 'Hello World!!!, this is the very first dag'"]
[2025-04-01T19:16:40.080+0000] {subprocess.py:99} INFO - Output:
[2025-04-01T19:16:40.098+0000] {subprocess.py:106} INFO - Hello World!!!, this is the very first dag
[2025-04-01T19:16:40.102+0000] {subprocess.py:110} INFO - Command exited with return code 0
[2025-04-01T19:16:41.677+0000] {taskinstance.py:341} INFO - ::group::Post task execution logs
[2025-04-01T19:16:41.707+0000] {taskinstance.py:353} INFO - Marking task as SUCCESS. dag_id=first_dag, task_id=task1, run_id=manual__2025-04-01T19:16:24.123398+00:00, execution_date=20250401T191624, start_date=20250401T191633, end_date=20250401T191641
[2025-04-01T19:16:43.974+0000] {local_task_job_runner.py:266} INFO - Task exited with return code 0
[2025-04-01T19:16:44.022+0000] {standard_task_runner.py:217} INFO - Process not found (most likely exited), stop collecting metrics
[2025-04-01T19:16:44.038+0000] {taskinstance.py:3901} INFO - 1 downstream tasks scheduled from follow-on schedule check
[2025-04-01T19:16:44.039+0000] {local_task_job_runner.py:245} INFO - ::endgroup::
