[2025-04-01T19:14:11.328+0000] {local_task_job_runner.py:123} INFO - ::group::Pre task execution logs
[2025-04-01T19:14:11.339+0000] {taskinstance.py:2614} INFO - Dependencies all met for dep_context=non-requeueable deps ti=<TaskInstance: first_dag.task1 manual__2025-04-01T19:14:05.034732+00:00 [queued]>
[2025-04-01T19:14:11.343+0000] {taskinstance.py:2614} INFO - Dependencies all met for dep_context=requeueable deps ti=<TaskInstance: first_dag.task1 manual__2025-04-01T19:14:05.034732+00:00 [queued]>
[2025-04-01T19:14:11.343+0000] {taskinstance.py:2867} INFO - Starting attempt 1 of 6
[2025-04-01T19:14:11.349+0000] {taskinstance.py:2890} INFO - Executing <Task(BashOperator): task1> on 2025-04-01 19:14:05.034732+00:00
[2025-04-01T19:14:11.362+0000] {logging_mixin.py:190} WARNING - /home/***/.local/lib/python3.12/site-packages/***/task/task_runner/standard_task_runner.py:70 DeprecationWarning: This process (pid=5824) is multi-threaded, use of fork() may lead to deadlocks in the child.
[2025-04-01T19:14:11.360+0000] {standard_task_runner.py:104} INFO - Running: ['***', 'tasks', 'run', 'first_dag', 'task1', 'manual__2025-04-01T19:14:05.034732+00:00', '--job-id', '14', '--raw', '--subdir', 'DAGS_FOLDER/first_dag.py', '--cfg-path', '/tmp/tmpkdz9ymdr']
[2025-04-01T19:14:11.364+0000] {standard_task_runner.py:105} INFO - Job 14: Subtask task1
[2025-04-01T19:14:11.364+0000] {standard_task_runner.py:72} INFO - Started process 5831 to run task
[2025-04-01T19:14:11.458+0000] {task_command.py:467} INFO - Running <TaskInstance: first_dag.task1 manual__2025-04-01T19:14:05.034732+00:00 [running]> on host 7d980c7fabe2
[2025-04-01T19:14:11.605+0000] {taskinstance.py:3134} INFO - Exporting env vars: AIRFLOW_CTX_DAG_OWNER='grypton' AIRFLOW_CTX_DAG_ID='first_dag' AIRFLOW_CTX_TASK_ID='task1' AIRFLOW_CTX_EXECUTION_DATE='2025-04-01T19:14:05.034732+00:00' AIRFLOW_CTX_TRY_NUMBER='1' AIRFLOW_CTX_DAG_RUN_ID='manual__2025-04-01T19:14:05.034732+00:00'
[2025-04-01T19:14:11.612+0000] {taskinstance.py:732} INFO - ::endgroup::
[2025-04-01T19:14:11.630+0000] {subprocess.py:78} INFO - Tmp dir root location: /tmp
[2025-04-01T19:14:11.634+0000] {subprocess.py:88} INFO - Running command: ['/usr/bin/bash', '-c', "echo 'Hello World!!!, this is the very first dag'"]
[2025-04-01T19:14:11.649+0000] {subprocess.py:99} INFO - Output:
[2025-04-01T19:14:11.668+0000] {subprocess.py:106} INFO - Hello World!!!, this is the very first dag
[2025-04-01T19:14:11.670+0000] {subprocess.py:110} INFO - Command exited with return code 0
[2025-04-01T19:14:11.827+0000] {taskinstance.py:341} INFO - ::group::Post task execution logs
[2025-04-01T19:14:11.829+0000] {taskinstance.py:353} INFO - Marking task as SUCCESS. dag_id=first_dag, task_id=task1, run_id=manual__2025-04-01T19:14:05.034732+00:00, execution_date=20250401T191405, start_date=20250401T191411, end_date=20250401T191411
[2025-04-01T19:14:12.003+0000] {local_task_job_runner.py:266} INFO - Task exited with return code 0
[2025-04-01T19:14:12.041+0000] {taskinstance.py:3901} INFO - 2 downstream tasks scheduled from follow-on schedule check
[2025-04-01T19:14:12.042+0000] {local_task_job_runner.py:245} INFO - ::endgroup::
